<?xml version="1.0" encoding="UTF-8"?>
<coverage generated="1664248415794" clover="3.2.0">
  <project timestamp="1664248415794" name="All files">
    <metrics statements="10" coveredstatements="10" conditionals="0" coveredconditionals="0" methods="7" coveredmethods="7" elements="17" coveredelements="17" complexity="0" loc="10" ncloc="10" packages="1" files="4" classes="4"/>
    <file name="cloneArray.js" path="/Users/wahudamon/Developer/Projects/tdd-exploration/js/cloneArray.js">
      <metrics statements="1" coveredstatements="1" conditionals="0" coveredconditionals="0" methods="1" coveredmethods="1"/>
      <line num="2" count="2" type="stmt"/>
    </file>
    <file name="stack.js" path="/Users/wahudamon/Developer/Projects/tdd-exploration/js/stack.js">
      <metrics statements="7" coveredstatements="7" conditionals="0" coveredconditionals="0" methods="4" coveredmethods="4"/>
      <line num="3" count="3" type="stmt"/>
      <line num="4" count="3" type="stmt"/>
      <line num="8" count="2" type="stmt"/>
      <line num="12" count="2" type="stmt"/>
      <line num="13" count="2" type="stmt"/>
      <line num="17" count="1" type="stmt"/>
      <line num="18" count="1" type="stmt"/>
    </file>
    <file name="subtract.js" path="/Users/wahudamon/Developer/Projects/tdd-exploration/js/subtract.js">
      <metrics statements="1" coveredstatements="1" conditionals="0" coveredconditionals="0" methods="1" coveredmethods="1"/>
      <line num="2" count="1" type="stmt"/>
    </file>
    <file name="sum.js" path="/Users/wahudamon/Developer/Projects/tdd-exploration/js/sum.js">
      <metrics statements="1" coveredstatements="1" conditionals="0" coveredconditionals="0" methods="1" coveredmethods="1"/>
      <line num="2" count="1" type="stmt"/>
    </file>
  </project>
</coverage>
